[2025-06-02 11:58:40] INFO: User registered: uday@gmail.com
{"correlationId":"2e3042af-3d3c-4492-aa9f-e3ca9978fde4","httpMethod":"POST","ip":"::1","level":"info","message":"Incoming Request: POST /api/auth/register","timestamp":"2025-06-02 15:01:01","url":"/api/auth/register","userAgent":"PostmanRuntime/7.44.0"}
{"email":"uday@gmail.com","level":"warn","message":"Attempt to register with existing email","timestamp":"2025-06-02 15:01:03"}
{"correlationId":"2e3042af-3d3c-4492-aa9f-e3ca9978fde4","errorMessage":"User already exists","level":"error","message":"Registration failed","timestamp":"2025-06-02 15:01:03"}
{"correlationId":"2e3042af-3d3c-4492-aa9f-e3ca9978fde4","level":"error","message":"Email already registered","method":"POST","path":"/api/auth/register","stack":"ConflictError: Email already registered\n    at registerController (C:\\Users\\vidya\\Documents\\Express---Js-Authentication-a-2-factor-authencation-\\src\\controllers\\auth.controller.js:49:12)","timestamp":"2025-06-02 15:01:03"}
{"correlationId":"2e3042af-3d3c-4492-aa9f-e3ca9978fde4","durationMs":2050.706,"httpMethod":"POST","level":"warn","message":"Response: POST /api/auth/register - Status: 409 - Duration: 2050.706ms","statusCode":409,"timestamp":"2025-06-02 15:01:03","url":"/api/auth/register"}
{"correlationId":"626fa6f6-50c9-4477-a288-e854c294e57e","httpMethod":"POST","ip":"::1","level":"info","message":"Incoming Request: POST /api/auth/register","timestamp":"2025-06-02 15:01:09","url":"/api/auth/register","userAgent":"PostmanRuntime/7.44.0"}
{"email":"uday@gmaial.com","level":"info","message":"OTP generated for registration","timestamp":"2025-06-02 15:01:15","userId":7}
{"correlationId":"626fa6f6-50c9-4477-a288-e854c294e57e","email":"uday@gmaial.com","level":"info","message":"User registered successfully","timestamp":"2025-06-02 15:01:15"}
{"correlationId":"626fa6f6-50c9-4477-a288-e854c294e57e","durationMs":5742.848,"httpMethod":"POST","level":"info","message":"Response: POST /api/auth/register - Status: 201 - Duration: 5742.848ms","statusCode":201,"timestamp":"2025-06-02 15:01:15","url":"/api/auth/register"}
{"correlationId":"123e4567-e89b-12d3-a456-426614174000","httpMethod":"POST","ip":"::1","level":"info","message":"Incoming Request: POST /api/auth/register","timestamp":"2025-06-02 15:04:19","url":"/api/auth/register","userAgent":"PostmanRuntime/7.44.0"}
{"email":"john.doe@example.com","level":"warn","message":"Attempt to register with existing email","timestamp":"2025-06-02 15:04:20"}
{"correlationId":"123e4567-e89b-12d3-a456-426614174000","errorMessage":"User already exists","level":"error","message":"Registration failed","timestamp":"2025-06-02 15:04:20"}
{"correlationId":"123e4567-e89b-12d3-a456-426614174000","level":"error","message":"Email already registered","method":"POST","path":"/api/auth/register","stack":"ConflictError: Email already registered\n    at registerController (C:\\Users\\vidya\\Documents\\Express---Js-Authentication-a-2-factor-authencation-\\src\\controllers\\auth.controller.js:49:12)","timestamp":"2025-06-02 15:04:20"}
{"correlationId":"123e4567-e89b-12d3-a456-426614174000","durationMs":329.046,"httpMethod":"POST","level":"warn","message":"Response: POST /api/auth/register - Status: 409 - Duration: 329.046ms","statusCode":409,"timestamp":"2025-06-02 15:04:20","url":"/api/auth/register"}
{"correlationId":"123e4567-e89b-12d3-a456-426614174000","httpMethod":"POST","ip":"::1","level":"info","message":"Incoming Request: POST /api/auth/register","timestamp":"2025-06-02 15:04:31","url":"/api/auth/register","userAgent":"PostmanRuntime/7.44.0"}
{"email":"john.doe@example.com","level":"warn","message":"Attempt to register with existing email","timestamp":"2025-06-02 15:04:31"}
{"correlationId":"123e4567-e89b-12d3-a456-426614174000","errorMessage":"User already exists","level":"error","message":"Registration failed","timestamp":"2025-06-02 15:04:31"}
{"correlationId":"123e4567-e89b-12d3-a456-426614174000","level":"error","message":"Email already registered","method":"POST","path":"/api/auth/register","stack":"ConflictError: Email already registered\n    at registerController (C:\\Users\\vidya\\Documents\\Express---Js-Authentication-a-2-factor-authencation-\\src\\controllers\\auth.controller.js:49:12)","timestamp":"2025-06-02 15:04:31"}
{"correlationId":"123e4567-e89b-12d3-a456-426614174000","durationMs":164.176,"httpMethod":"POST","level":"warn","message":"Response: POST /api/auth/register - Status: 409 - Duration: 164.176ms","statusCode":409,"timestamp":"2025-06-02 15:04:31","url":"/api/auth/register"}
{"correlationId":"123e4567-e89b-12d3-a456-426614174000","httpMethod":"POST","ip":"::1","level":"info","message":"Incoming Request: POST /api/auth/login","timestamp":"2025-06-02 15:04:41","url":"/api/auth/login","userAgent":"PostmanRuntime/7.44.0"}
{"email":"john.doe@example.com","level":"warn","message":"Invalid login credentials","timestamp":"2025-06-02 15:04:42"}
{"correlationId":"123e4567-e89b-12d3-a456-426614174000","errorMessage":"Invalid credentials","level":"error","message":"Login failed","timestamp":"2025-06-02 15:04:42"}
{"correlationId":"123e4567-e89b-12d3-a456-426614174000","level":"error","message":"Invalid credentials","method":"POST","path":"/api/auth/login","stack":"UnauthorizedError: Invalid credentials\n    at loginController (C:\\Users\\vidya\\Documents\\Express---Js-Authentication-a-2-factor-authencation-\\src\\controllers\\auth.controller.js:67:10)","timestamp":"2025-06-02 15:04:42"}
{"correlationId":"123e4567-e89b-12d3-a456-426614174000","durationMs":385.678,"httpMethod":"POST","level":"warn","message":"Response: POST /api/auth/login - Status: 401 - Duration: 385.678ms","statusCode":401,"timestamp":"2025-06-02 15:04:42","url":"/api/auth/login"}
{"correlationId":"123e4567-e89b-12d3-a456-426614174000","httpMethod":"POST","ip":"::1","level":"info","message":"Incoming Request: POST /api/auth/login","timestamp":"2025-06-02 15:05:01","url":"/api/auth/login","userAgent":"PostmanRuntime/7.44.0"}
{"email":"john.doe@example.com","level":"warn","message":"Invalid login credentials","timestamp":"2025-06-02 15:05:01"}
{"correlationId":"123e4567-e89b-12d3-a456-426614174000","errorMessage":"Invalid credentials","level":"error","message":"Login failed","timestamp":"2025-06-02 15:05:01"}
{"correlationId":"123e4567-e89b-12d3-a456-426614174000","level":"error","message":"Invalid credentials","method":"POST","path":"/api/auth/login","stack":"UnauthorizedError: Invalid credentials\n    at loginController (C:\\Users\\vidya\\Documents\\Express---Js-Authentication-a-2-factor-authencation-\\src\\controllers\\auth.controller.js:67:10)","timestamp":"2025-06-02 15:05:01"}
{"correlationId":"123e4567-e89b-12d3-a456-426614174000","durationMs":382.183,"httpMethod":"POST","level":"warn","message":"Response: POST /api/auth/login - Status: 401 - Duration: 382.183ms","statusCode":401,"timestamp":"2025-06-02 15:05:01","url":"/api/auth/login"}
{"correlationId":"123e4567-e89b-12d3-a456-426614174000","httpMethod":"POST","ip":"::1","level":"info","message":"Incoming Request: POST /api/auth/login","timestamp":"2025-06-02 15:05:19","url":"/api/auth/login","userAgent":"PostmanRuntime/7.44.0"}
{"correlationId":"123e4567-e89b-12d3-a456-426614174000","errors":[{"context":{"invalids":["john.doe@examplea"],"key":"email","label":"email","value":"john.doe@examplea"},"message":"\"email\" must be a valid email","path":["email"],"type":"string.email"}],"level":"warn","message":"Validation failed","timestamp":"2025-06-02 15:05:19"}
{"correlationId":"123e4567-e89b-12d3-a456-426614174000","level":"error","message":"\"email\" must be a valid email","method":"POST","path":"/api/auth/login","stack":"ValidationError: \"email\" must be a valid email","timestamp":"2025-06-02 15:05:19"}
{"correlationId":"123e4567-e89b-12d3-a456-426614174000","durationMs":3.075,"httpMethod":"POST","level":"warn","message":"Response: POST /api/auth/login - Status: 400 - Duration: 3.075ms","statusCode":400,"timestamp":"2025-06-02 15:05:19","url":"/api/auth/login"}
{"correlationId":"123e4567-e89b-12d3-a456-426614174000","httpMethod":"POST","ip":"::1","level":"info","message":"Incoming Request: POST /api/auth/register","timestamp":"2025-06-02 15:05:31","url":"/api/auth/register","userAgent":"PostmanRuntime/7.44.0"}
{"email":"john.doe@example.com","level":"warn","message":"Attempt to register with existing email","timestamp":"2025-06-02 15:05:31"}
{"correlationId":"123e4567-e89b-12d3-a456-426614174000","errorMessage":"User already exists","level":"error","message":"Registration failed","timestamp":"2025-06-02 15:05:31"}
{"correlationId":"123e4567-e89b-12d3-a456-426614174000","level":"error","message":"Email already registered","method":"POST","path":"/api/auth/register","stack":"ConflictError: Email already registered\n    at registerController (C:\\Users\\vidya\\Documents\\Express---Js-Authentication-a-2-factor-authencation-\\src\\controllers\\auth.controller.js:49:12)","timestamp":"2025-06-02 15:05:31"}
{"correlationId":"123e4567-e89b-12d3-a456-426614174000","durationMs":318.896,"httpMethod":"POST","level":"warn","message":"Response: POST /api/auth/register - Status: 409 - Duration: 318.896ms","statusCode":409,"timestamp":"2025-06-02 15:05:31","url":"/api/auth/register"}
{"correlationId":"123e4567-e89b-12d3-a456-426614174000","httpMethod":"POST","ip":"::1","level":"info","message":"Incoming Request: POST /api/auth/register","timestamp":"2025-06-02 15:06:46","url":"/api/auth/register","userAgent":"PostmanRuntime/7.44.0"}
{"email":"john.doe@example.com","level":"info","message":"OTP generated for registration","timestamp":"2025-06-02 15:06:52","userId":8}
{"correlationId":"123e4567-e89b-12d3-a456-426614174000","email":"john.doe@example.com","level":"info","message":"User registered successfully","timestamp":"2025-06-02 15:06:52"}
{"correlationId":"123e4567-e89b-12d3-a456-426614174000","durationMs":5496.5,"httpMethod":"POST","level":"info","message":"Response: POST /api/auth/register - Status: 201 - Duration: 5496.500ms","statusCode":201,"timestamp":"2025-06-02 15:06:52","url":"/api/auth/register"}
{"correlationId":"123e4567-e89b-12d3-a456-426614174000","httpMethod":"POST","ip":"::1","level":"info","message":"Incoming Request: POST /api/auth/register","timestamp":"2025-06-02 15:07:04","url":"/api/auth/register","userAgent":"PostmanRuntime/7.44.0"}
{"email":"john.doe@example.com","level":"warn","message":"Attempt to register with existing email","timestamp":"2025-06-02 15:07:05"}
{"correlationId":"123e4567-e89b-12d3-a456-426614174000","errorMessage":"User already exists","level":"error","message":"Registration failed","timestamp":"2025-06-02 15:07:05"}
{"correlationId":"123e4567-e89b-12d3-a456-426614174000","level":"error","message":"Email already registered","method":"POST","path":"/api/auth/register","stack":"ConflictError: Email already registered\n    at registerController (C:\\Users\\vidya\\Documents\\Express---Js-Authentication-a-2-factor-authencation-\\src\\controllers\\auth.controller.js:49:12)","timestamp":"2025-06-02 15:07:05"}
{"correlationId":"123e4567-e89b-12d3-a456-426614174000","durationMs":309.823,"httpMethod":"POST","level":"warn","message":"Response: POST /api/auth/register - Status: 409 - Duration: 309.823ms","statusCode":409,"timestamp":"2025-06-02 15:07:05","url":"/api/auth/register"}
{"correlationId":"123e4567-e89b-12d3-a456-426614174000","httpMethod":"POST","ip":"::1","level":"info","message":"Incoming Request: POST /api/auth/verify-register-otp","timestamp":"2025-06-02 15:07:43","url":"/api/auth/verify-register-otp","userAgent":"PostmanRuntime/7.44.0"}
{"email":"john.doe@example.com","level":"warn","message":"Invalid or expired registration OTP","timestamp":"2025-06-02 15:07:43"}
{"correlationId":"123e4567-e89b-12d3-a456-426614174000","errorMessage":"Invalid or expired OTP","level":"error","message":"Registration OTP verification failed","timestamp":"2025-06-02 15:07:43"}
{"correlationId":"123e4567-e89b-12d3-a456-426614174000","level":"error","message":"Invalid or expired OTP","method":"POST","path":"/api/auth/verify-register-otp","stack":"BadRequestError: Invalid or expired OTP\n    at verifyRegisterOTPController (C:\\Users\\vidya\\Documents\\Express---Js-Authentication-a-2-factor-authencation-\\src\\controllers\\auth.controller.js:114:10)\n    at process.processTicksAndRejections (node:internal/process/task_queues:105:5)","timestamp":"2025-06-02 15:07:43"}
{"correlationId":"123e4567-e89b-12d3-a456-426614174000","durationMs":3.261,"httpMethod":"POST","level":"warn","message":"Response: POST /api/auth/verify-register-otp - Status: 400 - Duration: 3.261ms","statusCode":400,"timestamp":"2025-06-02 15:07:43","url":"/api/auth/verify-register-otp"}
{"correlationId":"123e4567-e89b-12d3-a456-426614174000","httpMethod":"POST","ip":"::1","level":"info","message":"Incoming Request: POST /api/auth/register","timestamp":"2025-06-02 15:11:55","url":"/api/auth/register","userAgent":"PostmanRuntime/7.44.0"}
{"email":"john.doe@example.com","level":"warn","message":"Attempt to register with existing email","timestamp":"2025-06-02 15:11:57"}
{"correlationId":"123e4567-e89b-12d3-a456-426614174000","errorMessage":"User already exists","level":"error","message":"Registration failed","timestamp":"2025-06-02 15:11:57"}
{"correlationId":"123e4567-e89b-12d3-a456-426614174000","level":"error","message":"Email already registered","method":"POST","path":"/api/auth/register","stack":"ConflictError: Email already registered\n    at registerController (C:\\Users\\vidya\\Documents\\Express---Js-Authentication-a-2-factor-authencation-\\src\\controllers\\auth.controller.js:49:12)","timestamp":"2025-06-02 15:11:57"}
{"correlationId":"123e4567-e89b-12d3-a456-426614174000","durationMs":1476.875,"httpMethod":"POST","level":"warn","message":"Response: POST /api/auth/register - Status: 409 - Duration: 1476.875ms","statusCode":409,"timestamp":"2025-06-02 15:11:57","url":"/api/auth/register"}
{"correlationId":"123e4567-e89b-12d3-a456-426614174000","httpMethod":"POST","ip":"::1","level":"info","message":"Incoming Request: POST /api/auth/register","timestamp":"2025-06-02 15:12:43","url":"/api/auth/register","userAgent":"PostmanRuntime/7.44.0"}
{"email":"john.doe@example.com","level":"info","message":"OTP generated for registration","timestamp":"2025-06-02 15:12:45","userId":9}
{"correlationId":"123e4567-e89b-12d3-a456-426614174000","email":"john.doe@example.com","level":"info","message":"User registered successfully","timestamp":"2025-06-02 15:12:45"}
{"correlationId":"123e4567-e89b-12d3-a456-426614174000","durationMs":1736.15,"httpMethod":"POST","level":"info","message":"Response: POST /api/auth/register - Status: 201 - Duration: 1736.150ms","statusCode":201,"timestamp":"2025-06-02 15:12:45","url":"/api/auth/register"}
{"correlationId":"123e4567-e89b-12d3-a456-426614174000","httpMethod":"POST","ip":"::1","level":"info","message":"Incoming Request: POST /api/auth/verify-register-otp","timestamp":"2025-06-02 15:12:57","url":"/api/auth/verify-register-otp","userAgent":"PostmanRuntime/7.44.0"}
{"email":"john.doe@example.com","level":"info","message":"Registration OTP verified","timestamp":"2025-06-02 15:12:58","userId":9}
{"correlationId":"123e4567-e89b-12d3-a456-426614174000","email":"john.doe@example.com","level":"info","message":"Registration OTP verified","timestamp":"2025-06-02 15:12:58"}
{"correlationId":"123e4567-e89b-12d3-a456-426614174000","durationMs":299.034,"httpMethod":"POST","level":"info","message":"Response: POST /api/auth/verify-register-otp - Status: 200 - Duration: 299.034ms","statusCode":200,"timestamp":"2025-06-02 15:12:58","url":"/api/auth/verify-register-otp"}
{"correlationId":"123e4567-e89b-12d3-a456-426614174000","httpMethod":"POST","ip":"::1","level":"info","message":"Incoming Request: POST /api/auth/login","timestamp":"2025-06-02 15:13:05","url":"/api/auth/login","userAgent":"PostmanRuntime/7.44.0"}
{"correlationId":"123e4567-e89b-12d3-a456-426614174000","errors":[{"context":{"invalids":["john.doe@examplea"],"key":"email","label":"email","value":"john.doe@examplea"},"message":"\"email\" must be a valid email","path":["email"],"type":"string.email"}],"level":"warn","message":"Validation failed","timestamp":"2025-06-02 15:13:05"}
{"correlationId":"123e4567-e89b-12d3-a456-426614174000","level":"error","message":"\"email\" must be a valid email","method":"POST","path":"/api/auth/login","stack":"ValidationError: \"email\" must be a valid email","timestamp":"2025-06-02 15:13:05"}
{"correlationId":"123e4567-e89b-12d3-a456-426614174000","durationMs":4.005,"httpMethod":"POST","level":"warn","message":"Response: POST /api/auth/login - Status: 400 - Duration: 4.005ms","statusCode":400,"timestamp":"2025-06-02 15:13:05","url":"/api/auth/login"}
{"correlationId":"123e4567-e89b-12d3-a456-426614174000","httpMethod":"POST","ip":"::1","level":"info","message":"Incoming Request: POST /api/auth/login","timestamp":"2025-06-02 15:13:28","url":"/api/auth/login","userAgent":"PostmanRuntime/7.44.0"}
{"email":"john.doe@example.com","level":"warn","message":"Invalid login credentials","timestamp":"2025-06-02 15:13:28"}
{"correlationId":"123e4567-e89b-12d3-a456-426614174000","errorMessage":"Invalid credentials","level":"error","message":"Login failed","timestamp":"2025-06-02 15:13:28"}
{"correlationId":"123e4567-e89b-12d3-a456-426614174000","level":"error","message":"Invalid credentials","method":"POST","path":"/api/auth/login","stack":"UnauthorizedError: Invalid credentials\n    at loginController (C:\\Users\\vidya\\Documents\\Express---Js-Authentication-a-2-factor-authencation-\\src\\controllers\\auth.controller.js:67:10)","timestamp":"2025-06-02 15:13:28"}
{"correlationId":"123e4567-e89b-12d3-a456-426614174000","durationMs":358.887,"httpMethod":"POST","level":"warn","message":"Response: POST /api/auth/login - Status: 401 - Duration: 358.887ms","statusCode":401,"timestamp":"2025-06-02 15:13:28","url":"/api/auth/login"}
{"correlationId":"123e4567-e89b-12d3-a456-426614174000","httpMethod":"POST","ip":"::1","level":"info","message":"Incoming Request: POST /api/auth/login","timestamp":"2025-06-02 15:13:45","url":"/api/auth/login","userAgent":"PostmanRuntime/7.44.0"}
{"email":"john.doe@example.com","level":"warn","message":"Invalid login credentials","timestamp":"2025-06-02 15:13:45"}
{"correlationId":"123e4567-e89b-12d3-a456-426614174000","errorMessage":"Invalid credentials","level":"error","message":"Login failed","timestamp":"2025-06-02 15:13:45"}
{"correlationId":"123e4567-e89b-12d3-a456-426614174000","level":"error","message":"Invalid credentials","method":"POST","path":"/api/auth/login","stack":"UnauthorizedError: Invalid credentials\n    at loginController (C:\\Users\\vidya\\Documents\\Express---Js-Authentication-a-2-factor-authencation-\\src\\controllers\\auth.controller.js:67:10)","timestamp":"2025-06-02 15:13:45"}
{"correlationId":"123e4567-e89b-12d3-a456-426614174000","durationMs":352.053,"httpMethod":"POST","level":"warn","message":"Response: POST /api/auth/login - Status: 401 - Duration: 352.053ms","statusCode":401,"timestamp":"2025-06-02 15:13:45","url":"/api/auth/login"}
{"correlationId":"123e4567-e89b-12d3-a456-426614174000","httpMethod":"POST","ip":"::1","level":"info","message":"Incoming Request: POST /api/auth/login","timestamp":"2025-06-02 15:14:01","url":"/api/auth/login","userAgent":"PostmanRuntime/7.44.0"}
{"email":"john.doe@example.com","level":"info","message":"Login OTP sent","platform":"WEB","timestamp":"2025-06-02 15:14:01"}
{"correlationId":"123e4567-e89b-12d3-a456-426614174000","email":"john.doe@example.com","level":"info","message":"Login OTP sent","platform":"WEB","timestamp":"2025-06-02 15:14:01"}
{"correlationId":"123e4567-e89b-12d3-a456-426614174000","durationMs":639.338,"httpMethod":"POST","level":"info","message":"Response: POST /api/auth/login - Status: 200 - Duration: 639.338ms","statusCode":200,"timestamp":"2025-06-02 15:14:01","url":"/api/auth/login"}
{"correlationId":"123e4567-e89b-12d3-a456-426614174000","httpMethod":"POST","ip":"::1","level":"info","message":"Incoming Request: POST /api/auth/verify-otp","timestamp":"2025-06-02 15:14:17","url":"/api/auth/verify-otp","userAgent":"PostmanRuntime/7.44.0"}
{"email":"john.doe@example.com","level":"info","message":"Login successful, tokens issued","platform":"WEB","sessionId":"b32d7f0c-909d-48ab-a250-7e37ffdbda42","timestamp":"2025-06-02 15:14:18"}
{"correlationId":"123e4567-e89b-12d3-a456-426614174000","email":"john.doe@example.com","level":"info","message":"OTP verified and tokens issued","platform":"WEB","timestamp":"2025-06-02 15:14:18"}
{"correlationId":"123e4567-e89b-12d3-a456-426614174000","durationMs":587.508,"httpMethod":"POST","level":"info","message":"Response: POST /api/auth/verify-otp - Status: 200 - Duration: 587.508ms","statusCode":200,"timestamp":"2025-06-02 15:14:18","url":"/api/auth/verify-otp"}
{"correlationId":"123e4567-e89b-12d3-a456-426614174000","httpMethod":"GET","ip":"::1","level":"info","message":"Incoming Request: GET /api/auth/admin-only","timestamp":"2025-06-02 15:14:54","url":"/api/auth/admin-only","userAgent":"PostmanRuntime/7.44.0"}
{"correlationId":"123e4567-e89b-12d3-a456-426614174000","level":"warn","message":"Forbidden: Access denied","timestamp":"2025-06-02 15:14:55"}
{"correlationId":"123e4567-e89b-12d3-a456-426614174000","level":"error","message":"Forbidden: Access denied","method":"GET","path":"/api/auth/admin-only","stack":"ForbiddenError: Forbidden: Access denied\n    at C:\\Users\\vidya\\Documents\\Express---Js-Authentication-a-2-factor-authencation-\\src\\middlewares\\auth.middleware.js:69:19\n    at Layer.handle [as handle_request] (C:\\Users\\vidya\\Documents\\Express---Js-Authentication-a-2-factor-authencation-\\node_modules\\express\\lib\\router\\layer.js:95:5)\n    at next (C:\\Users\\vidya\\Documents\\Express---Js-Authentication-a-2-factor-authencation-\\node_modules\\express\\lib\\router\\route.js:149:13)\n    at authenticate (C:\\Users\\vidya\\Documents\\Express---Js-Authentication-a-2-factor-authencation-\\src\\middlewares\\auth.middleware.js:49:5)","timestamp":"2025-06-02 15:14:55"}
{"correlationId":"123e4567-e89b-12d3-a456-426614174000","durationMs":441.26,"httpMethod":"GET","level":"warn","message":"Response: GET /api/auth/admin-only - Status: 403 - Duration: 441.260ms","statusCode":403,"timestamp":"2025-06-02 15:14:55","url":"/api/auth/admin-only"}
{"correlationId":"123e4567-e89b-12d3-a456-426614174000","httpMethod":"POST","ip":"::1","level":"info","message":"Incoming Request: POST /api/auth/register","timestamp":"2025-06-02 15:15:05","url":"/api/auth/register","userAgent":"PostmanRuntime/7.44.0"}
{"correlationId":"123e4567-e89b-12d3-a456-426614174000","errors":[{"context":{"key":"name","label":"name","value":""},"message":"\"name\" is not allowed to be empty","path":["name"],"type":"string.empty"},{"context":{"invalids":["invalid-email"],"key":"email","label":"email","value":"invalid-email"},"message":"\"email\" must be a valid email","path":["email"],"type":"string.email"},{"context":{"key":"password","label":"password","limit":8,"value":"short"},"message":"\"password\" length must be at least 8 characters long","path":["password"],"type":"string.min"}],"level":"warn","message":"Validation failed","timestamp":"2025-06-02 15:15:05"}
{"correlationId":"123e4567-e89b-12d3-a456-426614174000","level":"error","message":"\"name\" is not allowed to be empty. \"email\" must be a valid email. \"password\" length must be at least 8 characters long","method":"POST","path":"/api/auth/register","stack":"ValidationError: \"name\" is not allowed to be empty. \"email\" must be a valid email. \"password\" length must be at least 8 characters long","timestamp":"2025-06-02 15:15:05"}
{"correlationId":"123e4567-e89b-12d3-a456-426614174000","durationMs":3.299,"httpMethod":"POST","level":"warn","message":"Response: POST /api/auth/register - Status: 400 - Duration: 3.299ms","statusCode":400,"timestamp":"2025-06-02 15:15:05","url":"/api/auth/register"}
{"correlationId":"123e4567-e89b-12d3-a456-426614174000","httpMethod":"POST","ip":"::1","level":"info","message":"Incoming Request: POST /api/auth/logout","timestamp":"2025-06-02 15:15:22","url":"/api/auth/logout","userAgent":"PostmanRuntime/7.44.0"}
{"email":"john.doe@example.com","level":"info","message":"User logged out successfully","platform":"WEB","timestamp":"2025-06-02 15:15:22"}
{"correlationId":"123e4567-e89b-12d3-a456-426614174000","email":"john.doe@example.com","level":"info","message":"User logged out","platform":"WEB","timestamp":"2025-06-02 15:15:22"}
{"correlationId":"123e4567-e89b-12d3-a456-426614174000","durationMs":585.486,"httpMethod":"POST","level":"info","message":"Response: POST /api/auth/logout - Status: 200 - Duration: 585.486ms","statusCode":200,"timestamp":"2025-06-02 15:15:22","url":"/api/auth/logout"}
{"correlationId":"123e4567-e89b-12d3-a456-426614174000","httpMethod":"POST","ip":"::1","level":"info","message":"Incoming Request: POST /api/auth/forgot-password","timestamp":"2025-06-02 15:15:45","url":"/api/auth/forgot-password","userAgent":"PostmanRuntime/7.44.0"}
{"correlationId":"123e4567-e89b-12d3-a456-426614174000","errorMessage":"\nInvalid `prisma.user.update()` invocation:\n\n{\n  where: {\n    email: \"john.doe@example.com\"\n  },\n  data: {\n    resetPasswordToken: \"49cb5612-4b18-46cf-953c-0d6587655f6a\",\n    ~~~~~~~~~~~~~~~~~~\n    resetPasswordExpiresAt: new Date(\"2025-06-02T10:00:45.798Z\"),\n?   name?: String | StringFieldUpdateOperationsInput,\n?   email?: String | StringFieldUpdateOperationsInput,\n?   password?: String | StringFieldUpdateOperationsInput,\n?   isOtpEnabled?: Boolean | BoolFieldUpdateOperationsInput,\n?   isVerified?: Boolean | BoolFieldUpdateOperationsInput,\n?   webRefreshToken?: String | NullableStringFieldUpdateOperationsInput | Null,\n?   webSessionId?: String | NullableStringFieldUpdateOperationsInput | Null,\n?   mobileRefreshToken?: String | NullableStringFieldUpdateOperationsInput | Null,\n?   mobileSessionId?: String | NullableStringFieldUpdateOperationsInput | Null,\n?   webRefreshTokenExpiresAt?: DateTime | NullableDateTimeFieldUpdateOperationsInput | Null,\n?   mobileRefreshTokenExpiresAt?: DateTime | NullableDateTimeFieldUpdateOperationsInput | Null,\n?   webSessionVersion?: Int | IntFieldUpdateOperationsInput,\n?   mobileSessionVersion?: Int | IntFieldUpdateOperationsInput,\n?   pendingLoginToken?: String | NullableStringFieldUpdateOperationsInput | Null,\n?   pendingLoginPlatform?: String | NullableStringFieldUpdateOperationsInput | Null,\n?   userrole?: UserRole | EnumUserRoleFieldUpdateOperationsInput,\n?   createdAt?: DateTime | DateTimeFieldUpdateOperationsInput,\n?   updatedAt?: DateTime | DateTimeFieldUpdateOperationsInput,\n?   lastLoginAt?: DateTime | NullableDateTimeFieldUpdateOperationsInput | Null\n  }\n}\n\nUnknown argument `resetPasswordToken`. Available options are marked with ?.","level":"error","message":"Forgot password failed","timestamp":"2025-06-02 15:15:45"}
{"correlationId":"123e4567-e89b-12d3-a456-426614174000","level":"error","message":"\nInvalid `prisma.user.update()` invocation:\n\n{\n  where: {\n    email: \"john.doe@example.com\"\n  },\n  data: {\n    resetPasswordToken: \"49cb5612-4b18-46cf-953c-0d6587655f6a\",\n    ~~~~~~~~~~~~~~~~~~\n    resetPasswordExpiresAt: new Date(\"2025-06-02T10:00:45.798Z\"),\n?   name?: String | StringFieldUpdateOperationsInput,\n?   email?: String | StringFieldUpdateOperationsInput,\n?   password?: String | StringFieldUpdateOperationsInput,\n?   isOtpEnabled?: Boolean | BoolFieldUpdateOperationsInput,\n?   isVerified?: Boolean | BoolFieldUpdateOperationsInput,\n?   webRefreshToken?: String | NullableStringFieldUpdateOperationsInput | Null,\n?   webSessionId?: String | NullableStringFieldUpdateOperationsInput | Null,\n?   mobileRefreshToken?: String | NullableStringFieldUpdateOperationsInput | Null,\n?   mobileSessionId?: String | NullableStringFieldUpdateOperationsInput | Null,\n?   webRefreshTokenExpiresAt?: DateTime | NullableDateTimeFieldUpdateOperationsInput | Null,\n?   mobileRefreshTokenExpiresAt?: DateTime | NullableDateTimeFieldUpdateOperationsInput | Null,\n?   webSessionVersion?: Int | IntFieldUpdateOperationsInput,\n?   mobileSessionVersion?: Int | IntFieldUpdateOperationsInput,\n?   pendingLoginToken?: String | NullableStringFieldUpdateOperationsInput | Null,\n?   pendingLoginPlatform?: String | NullableStringFieldUpdateOperationsInput | Null,\n?   userrole?: UserRole | EnumUserRoleFieldUpdateOperationsInput,\n?   createdAt?: DateTime | DateTimeFieldUpdateOperationsInput,\n?   updatedAt?: DateTime | DateTimeFieldUpdateOperationsInput,\n?   lastLoginAt?: DateTime | NullableDateTimeFieldUpdateOperationsInput | Null\n  }\n}\n\nUnknown argument `resetPasswordToken`. Available options are marked with ?.","method":"POST","path":"/api/auth/forgot-password","stack":"BadRequestError: \nInvalid `prisma.user.update()` invocation:\n\n{\n  where: {\n    email: \"john.doe@example.com\"\n  },\n  data: {\n    resetPasswordToken: \"49cb5612-4b18-46cf-953c-0d6587655f6a\",\n    ~~~~~~~~~~~~~~~~~~\n    resetPasswordExpiresAt: new Date(\"2025-06-02T10:00:45.798Z\"),\n?   name?: String | StringFieldUpdateOperationsInput,\n?   email?: String | StringFieldUpdateOperationsInput,\n?   password?: String | StringFieldUpdateOperationsInput,\n?   isOtpEnabled?: Boolean | BoolFieldUpdateOperationsInput,\n?   isVerified?: Boolean | BoolFieldUpdateOperationsInput,\n?   webRefreshToken?: String | NullableStringFieldUpdateOperationsInput | Null,\n?   webSessionId?: String | NullableStringFieldUpdateOperationsInput | Null,\n?   mobileRefreshToken?: String | NullableStringFieldUpdateOperationsInput | Null,\n?   mobileSessionId?: String | NullableStringFieldUpdateOperationsInput | Null,\n?   webRefreshTokenExpiresAt?: DateTime | NullableDateTimeFieldUpdateOperationsInput | Null,\n?   mobileRefreshTokenExpiresAt?: DateTime | NullableDateTimeFieldUpdateOperationsInput | Null,\n?   webSessionVersion?: Int | IntFieldUpdateOperationsInput,\n?   mobileSessionVersion?: Int | IntFieldUpdateOperationsInput,\n?   pendingLoginToken?: String | NullableStringFieldUpdateOperationsInput | Null,\n?   pendingLoginPlatform?: String | NullableStringFieldUpdateOperationsInput | Null,\n?   userrole?: UserRole | EnumUserRoleFieldUpdateOperationsInput,\n?   createdAt?: DateTime | DateTimeFieldUpdateOperationsInput,\n?   updatedAt?: DateTime | DateTimeFieldUpdateOperationsInput,\n?   lastLoginAt?: DateTime | NullableDateTimeFieldUpdateOperationsInput | Null\n  }\n}\n\nUnknown argument `resetPasswordToken`. Available options are marked with ?.\n    at forgotPasswordController (C:\\Users\\vidya\\Documents\\Express---Js-Authentication-a-2-factor-authencation-\\src\\controllers\\auth.controller.js:171:10)","timestamp":"2025-06-02 15:15:45"}
{"correlationId":"123e4567-e89b-12d3-a456-426614174000","durationMs":298.572,"httpMethod":"POST","level":"warn","message":"Response: POST /api/auth/forgot-password - Status: 400 - Duration: 298.572ms","statusCode":400,"timestamp":"2025-06-02 15:15:45","url":"/api/auth/forgot-password"}
{"correlationId":"123e4567-e89b-12d3-a456-426614174000","httpMethod":"POST","ip":"::1","level":"info","message":"Incoming Request: POST /api/auth/register","timestamp":"2025-06-02 15:22:38","url":"/api/auth/register","userAgent":"PostmanRuntime/7.44.0"}
{"email":"john.doe@example.com","level":"info","message":"OTP generated for registration","timestamp":"2025-06-02 15:22:40","userId":1}
{"correlationId":"123e4567-e89b-12d3-a456-426614174000","email":"john.doe@example.com","level":"info","message":"User registered successfully","timestamp":"2025-06-02 15:22:40"}
{"correlationId":"123e4567-e89b-12d3-a456-426614174000","durationMs":2603.122,"httpMethod":"POST","level":"info","message":"Response: POST /api/auth/register - Status: 201 - Duration: 2603.122ms","statusCode":201,"timestamp":"2025-06-02 15:22:40","url":"/api/auth/register"}
{"correlationId":"123e4567-e89b-12d3-a456-426614174000","httpMethod":"POST","ip":"::1","level":"info","message":"Incoming Request: POST /api/auth/verify-register-otp","timestamp":"2025-06-02 15:22:49","url":"/api/auth/verify-register-otp","userAgent":"PostmanRuntime/7.44.0"}
{"email":"john.doe@example.com","level":"info","message":"Registration OTP verified","timestamp":"2025-06-02 15:22:50","userId":1}
{"correlationId":"123e4567-e89b-12d3-a456-426614174000","email":"john.doe@example.com","level":"info","message":"Registration OTP verified","timestamp":"2025-06-02 15:22:50"}
{"correlationId":"123e4567-e89b-12d3-a456-426614174000","durationMs":444.141,"httpMethod":"POST","level":"info","message":"Response: POST /api/auth/verify-register-otp - Status: 200 - Duration: 444.141ms","statusCode":200,"timestamp":"2025-06-02 15:22:50","url":"/api/auth/verify-register-otp"}
{"correlationId":"123e4567-e89b-12d3-a456-426614174000","httpMethod":"POST","ip":"::1","level":"info","message":"Incoming Request: POST /api/auth/login","timestamp":"2025-06-02 15:22:56","url":"/api/auth/login","userAgent":"PostmanRuntime/7.44.0"}
{"email":"john.doe@example.com","level":"info","message":"Login OTP sent","platform":"WEB","timestamp":"2025-06-02 15:22:56"}
{"correlationId":"123e4567-e89b-12d3-a456-426614174000","email":"john.doe@example.com","level":"info","message":"Login OTP sent","platform":"WEB","timestamp":"2025-06-02 15:22:56"}
{"correlationId":"123e4567-e89b-12d3-a456-426614174000","durationMs":702.209,"httpMethod":"POST","level":"info","message":"Response: POST /api/auth/login - Status: 200 - Duration: 702.209ms","statusCode":200,"timestamp":"2025-06-02 15:22:56","url":"/api/auth/login"}
{"correlationId":"123e4567-e89b-12d3-a456-426614174000","httpMethod":"POST","ip":"::1","level":"info","message":"Incoming Request: POST /api/auth/verify-otp","timestamp":"2025-06-02 15:23:04","url":"/api/auth/verify-otp","userAgent":"PostmanRuntime/7.44.0"}
{"email":"john.doe@example.com","level":"info","message":"Login successful, tokens issued","platform":"WEB","sessionId":"5443d0c8-2375-42e3-bccd-cf645861b00c","timestamp":"2025-06-02 15:23:04"}
{"correlationId":"123e4567-e89b-12d3-a456-426614174000","email":"john.doe@example.com","level":"info","message":"OTP verified and tokens issued","platform":"WEB","timestamp":"2025-06-02 15:23:04"}
{"correlationId":"123e4567-e89b-12d3-a456-426614174000","durationMs":473.903,"httpMethod":"POST","level":"info","message":"Response: POST /api/auth/verify-otp - Status: 200 - Duration: 473.903ms","statusCode":200,"timestamp":"2025-06-02 15:23:04","url":"/api/auth/verify-otp"}
{"correlationId":"123e4567-e89b-12d3-a456-426614174000","httpMethod":"GET","ip":"::1","level":"info","message":"Incoming Request: GET /api/auth/admin-only","timestamp":"2025-06-02 15:23:21","url":"/api/auth/admin-only","userAgent":"PostmanRuntime/7.44.0"}
{"correlationId":"123e4567-e89b-12d3-a456-426614174000","level":"warn","message":"User not found","timestamp":"2025-06-02 15:23:21"}
{"correlationId":"123e4567-e89b-12d3-a456-426614174000","level":"error","message":"User not found","method":"GET","path":"/api/auth/admin-only","stack":"UnauthorizedError: User not found\n    at authenticate (C:\\Users\\vidya\\Documents\\Express---Js-Authentication-a-2-factor-authencation-\\src\\middlewares\\auth.middleware.js:26:19)","timestamp":"2025-06-02 15:23:21"}
{"correlationId":"123e4567-e89b-12d3-a456-426614174000","durationMs":467.327,"httpMethod":"GET","level":"warn","message":"Response: GET /api/auth/admin-only - Status: 401 - Duration: 467.327ms","statusCode":401,"timestamp":"2025-06-02 15:23:21","url":"/api/auth/admin-only"}
{"correlationId":"123e4567-e89b-12d3-a456-426614174000","httpMethod":"GET","ip":"::1","level":"info","message":"Incoming Request: GET /api/auth/admin-only","timestamp":"2025-06-02 15:23:25","url":"/api/auth/admin-only","userAgent":"PostmanRuntime/7.44.0"}
{"correlationId":"123e4567-e89b-12d3-a456-426614174000","level":"warn","message":"Forbidden: Access denied","timestamp":"2025-06-02 15:23:25"}
{"correlationId":"123e4567-e89b-12d3-a456-426614174000","level":"error","message":"Forbidden: Access denied","method":"GET","path":"/api/auth/admin-only","stack":"ForbiddenError: Forbidden: Access denied\n    at C:\\Users\\vidya\\Documents\\Express---Js-Authentication-a-2-factor-authencation-\\src\\middlewares\\auth.middleware.js:69:19\n    at Layer.handle [as handle_request] (C:\\Users\\vidya\\Documents\\Express---Js-Authentication-a-2-factor-authencation-\\node_modules\\express\\lib\\router\\layer.js:95:5)\n    at next (C:\\Users\\vidya\\Documents\\Express---Js-Authentication-a-2-factor-authencation-\\node_modules\\express\\lib\\router\\route.js:149:13)\n    at authenticate (C:\\Users\\vidya\\Documents\\Express---Js-Authentication-a-2-factor-authencation-\\src\\middlewares\\auth.middleware.js:49:5)","timestamp":"2025-06-02 15:23:25"}
{"correlationId":"123e4567-e89b-12d3-a456-426614174000","durationMs":163.071,"httpMethod":"GET","level":"warn","message":"Response: GET /api/auth/admin-only - Status: 403 - Duration: 163.071ms","statusCode":403,"timestamp":"2025-06-02 15:23:25","url":"/api/auth/admin-only"}
{"correlationId":"123e4567-e89b-12d3-a456-426614174000","httpMethod":"POST","ip":"::1","level":"info","message":"Incoming Request: POST /api/auth/forgot-password","timestamp":"2025-06-02 15:24:10","url":"/api/auth/forgot-password","userAgent":"PostmanRuntime/7.44.0"}
{"email":"john.doe@example.com","level":"info","message":"Password reset token sent","timestamp":"2025-06-02 15:24:11"}
{"correlationId":"123e4567-e89b-12d3-a456-426614174000","email":"john.doe@example.com","level":"info","message":"Password reset OTP sent","timestamp":"2025-06-02 15:24:11"}
{"correlationId":"123e4567-e89b-12d3-a456-426614174000","durationMs":623.249,"httpMethod":"POST","level":"info","message":"Response: POST /api/auth/forgot-password - Status: 200 - Duration: 623.249ms","statusCode":200,"timestamp":"2025-06-02 15:24:11","url":"/api/auth/forgot-password"}
{"correlationId":"123e4567-e89b-12d3-a456-426614174000","httpMethod":"POST","ip":"::1","level":"info","message":"Incoming Request: POST /api/auth/reset-password","timestamp":"2025-06-02 15:24:31","url":"/api/auth/reset-password","userAgent":"PostmanRuntime/7.44.0"}
{"level":"info","message":"Password reset successfully","timestamp":"2025-06-02 15:24:32","userId":1}
{"correlationId":"123e4567-e89b-12d3-a456-426614174000","level":"info","message":"Password reset successfully","timestamp":"2025-06-02 15:24:32"}
{"correlationId":"123e4567-e89b-12d3-a456-426614174000","durationMs":845.426,"httpMethod":"POST","level":"info","message":"Response: POST /api/auth/reset-password - Status: 200 - Duration: 845.426ms","statusCode":200,"timestamp":"2025-06-02 15:24:32","url":"/api/auth/reset-password"}
{"correlationId":"123e4567-e89b-12d3-a456-426614174000","httpMethod":"GET","ip":"::1","level":"info","message":"Incoming Request: GET /api/auth/admin-only","timestamp":"2025-06-02 15:24:52","url":"/api/auth/admin-only","userAgent":"PostmanRuntime/7.44.0"}
{"correlationId":"123e4567-e89b-12d3-a456-426614174000","level":"warn","message":"Forbidden: Access denied","timestamp":"2025-06-02 15:24:53"}
{"correlationId":"123e4567-e89b-12d3-a456-426614174000","level":"error","message":"Forbidden: Access denied","method":"GET","path":"/api/auth/admin-only","stack":"ForbiddenError: Forbidden: Access denied\n    at C:\\Users\\vidya\\Documents\\Express---Js-Authentication-a-2-factor-authencation-\\src\\middlewares\\auth.middleware.js:69:19\n    at Layer.handle [as handle_request] (C:\\Users\\vidya\\Documents\\Express---Js-Authentication-a-2-factor-authencation-\\node_modules\\express\\lib\\router\\layer.js:95:5)\n    at next (C:\\Users\\vidya\\Documents\\Express---Js-Authentication-a-2-factor-authencation-\\node_modules\\express\\lib\\router\\route.js:149:13)\n    at authenticate (C:\\Users\\vidya\\Documents\\Express---Js-Authentication-a-2-factor-authencation-\\src\\middlewares\\auth.middleware.js:49:5)","timestamp":"2025-06-02 15:24:53"}
{"correlationId":"123e4567-e89b-12d3-a456-426614174000","durationMs":310.961,"httpMethod":"GET","level":"warn","message":"Response: GET /api/auth/admin-only - Status: 403 - Duration: 310.961ms","statusCode":403,"timestamp":"2025-06-02 15:24:53","url":"/api/auth/admin-only"}
{"correlationId":"123e4567-e89b-12d3-a456-426614174000","httpMethod":"GET","ip":"::1","level":"info","message":"Incoming Request: GET /api/auth/admin-only","timestamp":"2025-06-02 15:24:54","url":"/api/auth/admin-only","userAgent":"PostmanRuntime/7.44.0"}
{"correlationId":"123e4567-e89b-12d3-a456-426614174000","level":"warn","message":"Forbidden: Access denied","timestamp":"2025-06-02 15:24:54"}
{"correlationId":"123e4567-e89b-12d3-a456-426614174000","level":"error","message":"Forbidden: Access denied","method":"GET","path":"/api/auth/admin-only","stack":"ForbiddenError: Forbidden: Access denied\n    at C:\\Users\\vidya\\Documents\\Express---Js-Authentication-a-2-factor-authencation-\\src\\middlewares\\auth.middleware.js:69:19\n    at Layer.handle [as handle_request] (C:\\Users\\vidya\\Documents\\Express---Js-Authentication-a-2-factor-authencation-\\node_modules\\express\\lib\\router\\layer.js:95:5)\n    at next (C:\\Users\\vidya\\Documents\\Express---Js-Authentication-a-2-factor-authencation-\\node_modules\\express\\lib\\router\\route.js:149:13)\n    at authenticate (C:\\Users\\vidya\\Documents\\Express---Js-Authentication-a-2-factor-authencation-\\src\\middlewares\\auth.middleware.js:49:5)","timestamp":"2025-06-02 15:24:54"}
{"correlationId":"123e4567-e89b-12d3-a456-426614174000","durationMs":159.675,"httpMethod":"GET","level":"warn","message":"Response: GET /api/auth/admin-only - Status: 403 - Duration: 159.675ms","statusCode":403,"timestamp":"2025-06-02 15:24:54","url":"/api/auth/admin-only"}
{"correlationId":"123e4567-e89b-12d3-a456-426614174000","httpMethod":"POST","ip":"::1","level":"info","message":"Incoming Request: POST /api/auth/login","timestamp":"2025-06-02 15:25:12","url":"/api/auth/login","userAgent":"PostmanRuntime/7.44.0"}
{"email":"john.doe@example.com","level":"warn","message":"Invalid login credentials","timestamp":"2025-06-02 15:25:13"}
{"correlationId":"123e4567-e89b-12d3-a456-426614174000","errorMessage":"Invalid credentials","level":"error","message":"Login failed","timestamp":"2025-06-02 15:25:13"}
{"correlationId":"123e4567-e89b-12d3-a456-426614174000","level":"error","message":"Invalid credentials","method":"POST","path":"/api/auth/login","stack":"UnauthorizedError: Invalid credentials\n    at loginController (C:\\Users\\vidya\\Documents\\Express---Js-Authentication-a-2-factor-authencation-\\src\\controllers\\auth.controller.js:67:10)","timestamp":"2025-06-02 15:25:13"}
{"correlationId":"123e4567-e89b-12d3-a456-426614174000","durationMs":373.78,"httpMethod":"POST","level":"warn","message":"Response: POST /api/auth/login - Status: 401 - Duration: 373.780ms","statusCode":401,"timestamp":"2025-06-02 15:25:13","url":"/api/auth/login"}
{"correlationId":"123e4567-e89b-12d3-a456-426614174000","httpMethod":"POST","ip":"::1","level":"info","message":"Incoming Request: POST /api/auth/login","timestamp":"2025-06-02 15:25:17","url":"/api/auth/login","userAgent":"PostmanRuntime/7.44.0"}
{"email":"john.doe@example.com","level":"info","message":"Login OTP sent","platform":"WEB","timestamp":"2025-06-02 15:25:18"}
{"correlationId":"123e4567-e89b-12d3-a456-426614174000","email":"john.doe@example.com","level":"info","message":"Login OTP sent","platform":"WEB","timestamp":"2025-06-02 15:25:18"}
{"correlationId":"123e4567-e89b-12d3-a456-426614174000","durationMs":374.401,"httpMethod":"POST","level":"info","message":"Response: POST /api/auth/login - Status: 200 - Duration: 374.401ms","statusCode":200,"timestamp":"2025-06-02 15:25:18","url":"/api/auth/login"}
{"correlationId":"123e4567-e89b-12d3-a456-426614174000","httpMethod":"POST","ip":"::1","level":"info","message":"Incoming Request: POST /api/auth/verify-otp","timestamp":"2025-06-02 15:25:28","url":"/api/auth/verify-otp","userAgent":"PostmanRuntime/7.44.0"}
{"email":"john.doe@example.com","level":"info","message":"Login successful, tokens issued","platform":"WEB","sessionId":"795b73f6-aa42-4e4a-aa5e-bc2f0eb44143","timestamp":"2025-06-02 15:25:29"}
{"correlationId":"123e4567-e89b-12d3-a456-426614174000","email":"john.doe@example.com","level":"info","message":"OTP verified and tokens issued","platform":"WEB","timestamp":"2025-06-02 15:25:29"}
{"correlationId":"123e4567-e89b-12d3-a456-426614174000","durationMs":469.789,"httpMethod":"POST","level":"info","message":"Response: POST /api/auth/verify-otp - Status: 200 - Duration: 469.789ms","statusCode":200,"timestamp":"2025-06-02 15:25:29","url":"/api/auth/verify-otp"}
{"correlationId":"123e4567-e89b-12d3-a456-426614174000","httpMethod":"POST","ip":"::1","level":"info","message":"Incoming Request: POST /api/auth/logout","timestamp":"2025-06-02 15:26:04","url":"/api/auth/logout","userAgent":"PostmanRuntime/7.44.0"}
{"email":"john.doe@example.com","level":"info","message":"User logged out successfully","platform":"WEB","timestamp":"2025-06-02 15:26:05"}
{"correlationId":"123e4567-e89b-12d3-a456-426614174000","email":"john.doe@example.com","level":"info","message":"User logged out","platform":"WEB","timestamp":"2025-06-02 15:26:05"}
{"correlationId":"123e4567-e89b-12d3-a456-426614174000","durationMs":636.421,"httpMethod":"POST","level":"info","message":"Response: POST /api/auth/logout - Status: 200 - Duration: 636.421ms","statusCode":200,"timestamp":"2025-06-02 15:26:05","url":"/api/auth/logout"}
{"correlationId":"123e4567-e89b-12d3-a456-426614174000","httpMethod":"POST","ip":"::1","level":"info","message":"Incoming Request: POST /api/auth/logout","timestamp":"2025-06-02 15:26:10","url":"/api/auth/logout","userAgent":"PostmanRuntime/7.44.0"}
{"email":"john.doe@example.com","level":"warn","message":"No active session found for logout","platform":"WEB","timestamp":"2025-06-02 15:26:11"}
{"correlationId":"123e4567-e89b-12d3-a456-426614174000","errorMessage":"No active session found for this platform","level":"error","message":"Logout failed","timestamp":"2025-06-02 15:26:11"}
{"correlationId":"123e4567-e89b-12d3-a456-426614174000","level":"error","message":"No active session found for this platform","method":"POST","path":"/api/auth/logout","stack":"InternalServerError: No active session found for this platform\n    at logoutController (C:\\Users\\vidya\\Documents\\Express---Js-Authentication-a-2-factor-authencation-\\src\\controllers\\auth.controller.js:137:10)","timestamp":"2025-06-02 15:26:11"}
{"correlationId":"123e4567-e89b-12d3-a456-426614174000","durationMs":157.161,"httpMethod":"POST","level":"error","message":"Response: POST /api/auth/logout - Status: 500 - Duration: 157.161ms","statusCode":500,"timestamp":"2025-06-02 15:26:11","url":"/api/auth/logout"}
{"correlationId":"123e4567-e89b-12d3-a456-426614174000","httpMethod":"POST","ip":"::1","level":"info","message":"Incoming Request: POST /api/auth/register","timestamp":"2025-06-02 15:26:19","url":"/api/auth/register","userAgent":"PostmanRuntime/7.44.0"}
{"correlationId":"123e4567-e89b-12d3-a456-426614174000","errors":[{"context":{"key":"name","label":"name","value":""},"message":"\"name\" is not allowed to be empty","path":["name"],"type":"string.empty"},{"context":{"invalids":["invalid-email"],"key":"email","label":"email","value":"invalid-email"},"message":"\"email\" must be a valid email","path":["email"],"type":"string.email"},{"context":{"key":"password","label":"password","limit":8,"value":"short"},"message":"\"password\" length must be at least 8 characters long","path":["password"],"type":"string.min"}],"level":"warn","message":"Validation failed","timestamp":"2025-06-02 15:26:19"}
{"correlationId":"123e4567-e89b-12d3-a456-426614174000","level":"error","message":"\"name\" is not allowed to be empty. \"email\" must be a valid email. \"password\" length must be at least 8 characters long","method":"POST","path":"/api/auth/register","stack":"ValidationError: \"name\" is not allowed to be empty. \"email\" must be a valid email. \"password\" length must be at least 8 characters long","timestamp":"2025-06-02 15:26:19"}
{"correlationId":"123e4567-e89b-12d3-a456-426614174000","durationMs":4.93,"httpMethod":"POST","level":"warn","message":"Response: POST /api/auth/register - Status: 400 - Duration: 4.930ms","statusCode":400,"timestamp":"2025-06-02 15:26:19","url":"/api/auth/register"}
{"correlationId":"123e4567-e89b-12d3-a456-426614174000","httpMethod":"POST","ip":"::1","level":"info","message":"Incoming Request: POST /api/auth/register","timestamp":"2025-06-02 15:26:30","url":"/api/auth/register","userAgent":"PostmanRuntime/7.44.0"}
{"correlationId":"123e4567-e89b-12d3-a456-426614174000","errors":[{"context":{"key":"name","label":"name","value":""},"message":"\"name\" is not allowed to be empty","path":["name"],"type":"string.empty"},{"context":{"invalids":["invalid-email"],"key":"email","label":"email","value":"invalid-email"},"message":"\"email\" must be a valid email","path":["email"],"type":"string.email"},{"context":{"key":"password","label":"password","limit":8,"value":"short"},"message":"\"password\" length must be at least 8 characters long","path":["password"],"type":"string.min"}],"level":"warn","message":"Validation failed","timestamp":"2025-06-02 15:26:30"}
{"correlationId":"123e4567-e89b-12d3-a456-426614174000","level":"error","message":"\"name\" is not allowed to be empty. \"email\" must be a valid email. \"password\" length must be at least 8 characters long","method":"POST","path":"/api/auth/register","stack":"ValidationError: \"name\" is not allowed to be empty. \"email\" must be a valid email. \"password\" length must be at least 8 characters long","timestamp":"2025-06-02 15:26:30"}
{"correlationId":"123e4567-e89b-12d3-a456-426614174000","durationMs":2.867,"httpMethod":"POST","level":"warn","message":"Response: POST /api/auth/register - Status: 400 - Duration: 2.867ms","statusCode":400,"timestamp":"2025-06-02 15:26:30","url":"/api/auth/register"}
{"correlationId":"123e4567-e89b-12d3-a456-426614174000","httpMethod":"GET","ip":"::1","level":"info","message":"Incoming Request: GET /api/auth/admin-only","timestamp":"2025-06-02 15:26:38","url":"/api/auth/admin-only","userAgent":"PostmanRuntime/7.44.0"}
{"correlationId":"123e4567-e89b-12d3-a456-426614174000","level":"warn","message":"No active session for this platform","timestamp":"2025-06-02 15:26:38"}
{"correlationId":"123e4567-e89b-12d3-a456-426614174000","level":"error","message":"No active session for this platform","method":"GET","path":"/api/auth/admin-only","stack":"UnauthorizedError: No active session for this platform\n    at authenticate (C:\\Users\\vidya\\Documents\\Express---Js-Authentication-a-2-factor-authencation-\\src\\middlewares\\auth.middleware.js:35:19)","timestamp":"2025-06-02 15:26:38"}
{"correlationId":"123e4567-e89b-12d3-a456-426614174000","durationMs":311.484,"httpMethod":"GET","level":"warn","message":"Response: GET /api/auth/admin-only - Status: 401 - Duration: 311.484ms","statusCode":401,"timestamp":"2025-06-02 15:26:38","url":"/api/auth/admin-only"}
{"correlationId":"123e4567-e89b-12d3-a456-426614174000","httpMethod":"POST","ip":"::1","level":"info","message":"Incoming Request: POST /api/auth/login","timestamp":"2025-06-02 15:26:50","url":"/api/auth/login","userAgent":"PostmanRuntime/7.44.0"}
{"email":"john.doe@example.com","level":"info","message":"Login OTP sent","platform":"WEB","timestamp":"2025-06-02 15:26:51"}
{"correlationId":"123e4567-e89b-12d3-a456-426614174000","email":"john.doe@example.com","level":"info","message":"Login OTP sent","platform":"WEB","timestamp":"2025-06-02 15:26:51"}
{"correlationId":"123e4567-e89b-12d3-a456-426614174000","durationMs":378.202,"httpMethod":"POST","level":"info","message":"Response: POST /api/auth/login - Status: 200 - Duration: 378.202ms","statusCode":200,"timestamp":"2025-06-02 15:26:51","url":"/api/auth/login"}
{"correlationId":"123e4567-e89b-12d3-a456-426614174000","httpMethod":"POST","ip":"::1","level":"info","message":"Incoming Request: POST /api/auth/verify-otp","timestamp":"2025-06-02 15:26:59","url":"/api/auth/verify-otp","userAgent":"PostmanRuntime/7.44.0"}
{"email":"john.doe@example.com","level":"info","message":"Login successful, tokens issued","platform":"WEB","sessionId":"6eb94d45-de1f-4065-abe9-07ca578bcca5","timestamp":"2025-06-02 15:27:00"}
{"correlationId":"123e4567-e89b-12d3-a456-426614174000","email":"john.doe@example.com","level":"info","message":"OTP verified and tokens issued","platform":"WEB","timestamp":"2025-06-02 15:27:00"}
{"correlationId":"123e4567-e89b-12d3-a456-426614174000","durationMs":467.212,"httpMethod":"POST","level":"info","message":"Response: POST /api/auth/verify-otp - Status: 200 - Duration: 467.212ms","statusCode":200,"timestamp":"2025-06-02 15:27:00","url":"/api/auth/verify-otp"}
{"correlationId":"123e4567-e89b-12d3-a456-426614174000","httpMethod":"GET","ip":"::1","level":"info","message":"Incoming Request: GET /api/auth/admin-only","timestamp":"2025-06-02 15:27:17","url":"/api/auth/admin-only","userAgent":"PostmanRuntime/7.44.0"}
{"correlationId":"123e4567-e89b-12d3-a456-426614174000","level":"warn","message":"Token invalidated due to new session","timestamp":"2025-06-02 15:27:17"}
{"correlationId":"123e4567-e89b-12d3-a456-426614174000","level":"error","message":"Token invalidated due to new session","method":"GET","path":"/api/auth/admin-only","stack":"UnauthorizedError: Token invalidated due to new session\n    at authenticate (C:\\Users\\vidya\\Documents\\Express---Js-Authentication-a-2-factor-authencation-\\src\\middlewares\\auth.middleware.js:45:19)","timestamp":"2025-06-02 15:27:17"}
{"correlationId":"123e4567-e89b-12d3-a456-426614174000","durationMs":317.613,"httpMethod":"GET","level":"warn","message":"Response: GET /api/auth/admin-only - Status: 401 - Duration: 317.613ms","statusCode":401,"timestamp":"2025-06-02 15:27:17","url":"/api/auth/admin-only"}
{"correlationId":"123e4567-e89b-12d3-a456-426614174000","httpMethod":"GET","ip":"::1","level":"info","message":"Incoming Request: GET /api/auth/admin-only","timestamp":"2025-06-02 15:27:23","url":"/api/auth/admin-only","userAgent":"PostmanRuntime/7.44.0"}
{"correlationId":"123e4567-e89b-12d3-a456-426614174000","level":"warn","message":"Forbidden: Access denied","timestamp":"2025-06-02 15:27:23"}
{"correlationId":"123e4567-e89b-12d3-a456-426614174000","level":"error","message":"Forbidden: Access denied","method":"GET","path":"/api/auth/admin-only","stack":"ForbiddenError: Forbidden: Access denied\n    at C:\\Users\\vidya\\Documents\\Express---Js-Authentication-a-2-factor-authencation-\\src\\middlewares\\auth.middleware.js:69:19\n    at Layer.handle [as handle_request] (C:\\Users\\vidya\\Documents\\Express---Js-Authentication-a-2-factor-authencation-\\node_modules\\express\\lib\\router\\layer.js:95:5)\n    at next (C:\\Users\\vidya\\Documents\\Express---Js-Authentication-a-2-factor-authencation-\\node_modules\\express\\lib\\router\\route.js:149:13)\n    at authenticate (C:\\Users\\vidya\\Documents\\Express---Js-Authentication-a-2-factor-authencation-\\src\\middlewares\\auth.middleware.js:49:5)","timestamp":"2025-06-02 15:27:23"}
{"correlationId":"123e4567-e89b-12d3-a456-426614174000","durationMs":157.495,"httpMethod":"GET","level":"warn","message":"Response: GET /api/auth/admin-only - Status: 403 - Duration: 157.495ms","statusCode":403,"timestamp":"2025-06-02 15:27:23","url":"/api/auth/admin-only"}
{"correlationId":"123e4567-e89b-12d3-a456-426614174000","httpMethod":"POST","ip":"::1","level":"info","message":"Incoming Request: POST /api/auth/logout","timestamp":"2025-06-02 15:27:32","url":"/api/auth/logout","userAgent":"PostmanRuntime/7.44.0"}
{"email":"john.doe@example.com","level":"info","message":"User logged out successfully","platform":"WEB","timestamp":"2025-06-02 15:27:32"}
{"correlationId":"123e4567-e89b-12d3-a456-426614174000","email":"john.doe@example.com","level":"info","message":"User logged out","platform":"WEB","timestamp":"2025-06-02 15:27:32"}
{"correlationId":"123e4567-e89b-12d3-a456-426614174000","durationMs":462.986,"httpMethod":"POST","level":"info","message":"Response: POST /api/auth/logout - Status: 200 - Duration: 462.986ms","statusCode":200,"timestamp":"2025-06-02 15:27:32","url":"/api/auth/logout"}
{"correlationId":"123e4567-e89b-12d3-a456-426614174000","httpMethod":"GET","ip":"::1","level":"info","message":"Incoming Request: GET /api/auth/admin-only","timestamp":"2025-06-02 15:27:37","url":"/api/auth/admin-only","userAgent":"PostmanRuntime/7.44.0"}
{"correlationId":"123e4567-e89b-12d3-a456-426614174000","level":"warn","message":"No active session for this platform","timestamp":"2025-06-02 15:27:37"}
{"correlationId":"123e4567-e89b-12d3-a456-426614174000","level":"error","message":"No active session for this platform","method":"GET","path":"/api/auth/admin-only","stack":"UnauthorizedError: No active session for this platform\n    at authenticate (C:\\Users\\vidya\\Documents\\Express---Js-Authentication-a-2-factor-authencation-\\src\\middlewares\\auth.middleware.js:35:19)","timestamp":"2025-06-02 15:27:37"}
{"correlationId":"123e4567-e89b-12d3-a456-426614174000","durationMs":158.933,"httpMethod":"GET","level":"warn","message":"Response: GET /api/auth/admin-only - Status: 401 - Duration: 158.933ms","statusCode":401,"timestamp":"2025-06-02 15:27:37","url":"/api/auth/admin-only"}
{"correlationId":"123e4567-e89b-12d3-a456-426614174000","httpMethod":"GET","ip":"::1","level":"info","message":"Incoming Request: GET /api/auth/admin-only","timestamp":"2025-06-02 15:27:39","url":"/api/auth/admin-only","userAgent":"PostmanRuntime/7.44.0"}
{"correlationId":"123e4567-e89b-12d3-a456-426614174000","level":"warn","message":"No active session for this platform","timestamp":"2025-06-02 15:27:39"}
{"correlationId":"123e4567-e89b-12d3-a456-426614174000","level":"error","message":"No active session for this platform","method":"GET","path":"/api/auth/admin-only","stack":"UnauthorizedError: No active session for this platform\n    at authenticate (C:\\Users\\vidya\\Documents\\Express---Js-Authentication-a-2-factor-authencation-\\src\\middlewares\\auth.middleware.js:35:19)","timestamp":"2025-06-02 15:27:39"}
{"correlationId":"123e4567-e89b-12d3-a456-426614174000","durationMs":157.334,"httpMethod":"GET","level":"warn","message":"Response: GET /api/auth/admin-only - Status: 401 - Duration: 157.334ms","statusCode":401,"timestamp":"2025-06-02 15:27:39","url":"/api/auth/admin-only"}
{"correlationId":"123e4567-e89b-12d3-a456-426614174000","httpMethod":"GET","ip":"::1","level":"info","message":"Incoming Request: GET /api/auth/admin-only","timestamp":"2025-06-02 15:27:40","url":"/api/auth/admin-only","userAgent":"PostmanRuntime/7.44.0"}
{"correlationId":"123e4567-e89b-12d3-a456-426614174000","level":"warn","message":"No active session for this platform","timestamp":"2025-06-02 15:27:42"}
{"correlationId":"123e4567-e89b-12d3-a456-426614174000","level":"error","message":"No active session for this platform","method":"GET","path":"/api/auth/admin-only","stack":"UnauthorizedError: No active session for this platform\n    at authenticate (C:\\Users\\vidya\\Documents\\Express---Js-Authentication-a-2-factor-authencation-\\src\\middlewares\\auth.middleware.js:35:19)","timestamp":"2025-06-02 15:27:42"}
{"correlationId":"123e4567-e89b-12d3-a456-426614174000","durationMs":1369.606,"httpMethod":"GET","level":"warn","message":"Response: GET /api/auth/admin-only - Status: 401 - Duration: 1369.606ms","statusCode":401,"timestamp":"2025-06-02 15:27:42","url":"/api/auth/admin-only"}
{"correlationId":"test-correlation-id","httpMethod":"POST","ip":"::1","level":"info","message":"Incoming Request: POST /register","timestamp":"2025-06-02 17:08:43","url":"/register","userAgent":"PostmanRuntime/7.44.0"}
{"correlationId":"test-correlation-id","durationMs":14.685,"httpMethod":"POST","level":"warn","message":"Response: POST /register - Status: 404 - Duration: 14.685ms","statusCode":404,"timestamp":"2025-06-02 17:08:43","url":"/register"}
{"correlationId":"test-correlation-id","httpMethod":"POST","ip":"::1","level":"info","message":"Incoming Request: POST /api/auth/register","timestamp":"2025-06-02 17:10:02","url":"/api/auth/register","userAgent":"PostmanRuntime/7.44.0"}
{"email":"john.doe@example.com","level":"warn","message":"Attempt to register with existing email","timestamp":"2025-06-02 17:10:03"}
{"correlationId":"test-correlation-id","errorMessage":"User already exists","level":"error","message":"Registration failed","timestamp":"2025-06-02 17:10:03"}
{"correlationId":"test-correlation-id","level":"error","message":"Email already registered","method":"POST","path":"/api/auth/register","stack":"ConflictError: Email already registered\n    at registerController (C:\\Users\\vidya\\Documents\\Express---Js-Authentication-a-2-factor-authencation-\\src\\controllers\\auth.controller.js:49:12)","timestamp":"2025-06-02 17:10:03"}
{"correlationId":"test-correlation-id","durationMs":1930.229,"httpMethod":"POST","level":"warn","message":"Response: POST /api/auth/register - Status: 409 - Duration: 1930.229ms","statusCode":409,"timestamp":"2025-06-02 17:10:03","url":"/api/auth/register"}
{"correlationId":"test-correlation-id","httpMethod":"POST","ip":"::1","level":"info","message":"Incoming Request: POST /api/auth/register","timestamp":"2025-06-02 17:13:13","url":"/api/auth/register","userAgent":"PostmanRuntime/7.44.0"}
{"correlationId":"test-correlation-id","errors":[{"context":{"key":"name","label":"name"},"message":"\"name\" is required","path":["name"],"type":"any.required"},{"context":{"key":"password","label":"password"},"message":"\"password\" is required","path":["password"],"type":"any.required"}],"level":"warn","message":"Validation failed","timestamp":"2025-06-02 17:13:13"}
{"correlationId":"test-correlation-id","level":"error","message":"\"name\" is required. \"password\" is required","method":"POST","path":"/api/auth/register","stack":"ValidationError: \"name\" is required. \"password\" is required","timestamp":"2025-06-02 17:13:13"}
{"correlationId":"test-correlation-id","durationMs":3.809,"httpMethod":"POST","level":"warn","message":"Response: POST /api/auth/register - Status: 400 - Duration: 3.809ms","statusCode":400,"timestamp":"2025-06-02 17:13:13","url":"/api/auth/register"}
{"correlationId":"test-correlation-id","httpMethod":"POST","ip":"::1","level":"info","message":"Incoming Request: POST /api/auth/register","timestamp":"2025-06-02 17:13:30","url":"/api/auth/register","userAgent":"PostmanRuntime/7.44.0"}
{"email":"john.doe@example.com","level":"warn","message":"Attempt to register with existing email","timestamp":"2025-06-02 17:13:30"}
{"correlationId":"test-correlation-id","errorMessage":"User already exists","level":"error","message":"Registration failed","timestamp":"2025-06-02 17:13:30"}
{"correlationId":"test-correlation-id","level":"error","message":"Email already registered","method":"POST","path":"/api/auth/register","stack":"ConflictError: Email already registered\n    at registerController (C:\\Users\\vidya\\Documents\\Express---Js-Authentication-a-2-factor-authencation-\\src\\controllers\\auth.controller.js:49:12)","timestamp":"2025-06-02 17:13:30"}
{"correlationId":"test-correlation-id","durationMs":305.525,"httpMethod":"POST","level":"warn","message":"Response: POST /api/auth/register - Status: 409 - Duration: 305.525ms","statusCode":409,"timestamp":"2025-06-02 17:13:30","url":"/api/auth/register"}
{"correlationId":"test-correlation-id","httpMethod":"POST","ip":"::1","level":"info","message":"Incoming Request: POST /api/auth/register","timestamp":"2025-06-02 17:13:42","url":"/api/auth/register","userAgent":"PostmanRuntime/7.44.0"}
{"correlationId":"test-correlation-id","errors":[{"context":{"invalids":["invalid-email"],"key":"email","label":"email","value":"invalid-email"},"message":"\"email\" must be a valid email","path":["email"],"type":"string.email"}],"level":"warn","message":"Validation failed","timestamp":"2025-06-02 17:13:42"}
{"correlationId":"test-correlation-id","level":"error","message":"\"email\" must be a valid email","method":"POST","path":"/api/auth/register","stack":"ValidationError: \"email\" must be a valid email","timestamp":"2025-06-02 17:13:42"}
{"correlationId":"test-correlation-id","durationMs":2.662,"httpMethod":"POST","level":"warn","message":"Response: POST /api/auth/register - Status: 400 - Duration: 2.662ms","statusCode":400,"timestamp":"2025-06-02 17:13:42","url":"/api/auth/register"}
{"correlationId":"test-correlation-id","httpMethod":"POST","ip":"::1","level":"info","message":"Incoming Request: POST /verify-register-otp","timestamp":"2025-06-02 17:14:11","url":"/verify-register-otp","userAgent":"PostmanRuntime/7.44.0"}
{"correlationId":"test-correlation-id","durationMs":0.88,"httpMethod":"POST","level":"warn","message":"Response: POST /verify-register-otp - Status: 404 - Duration: 0.880ms","statusCode":404,"timestamp":"2025-06-02 17:14:11","url":"/verify-register-otp"}
{"correlationId":"test-correlation-id","httpMethod":"POST","ip":"::1","level":"info","message":"Incoming Request: POST /api/auth/verify-register-otp","timestamp":"2025-06-02 17:14:26","url":"/api/auth/verify-register-otp","userAgent":"PostmanRuntime/7.44.0"}
{"email":"john.doe@example.com","level":"warn","message":"Invalid or expired registration OTP","timestamp":"2025-06-02 17:14:26"}
{"correlationId":"test-correlation-id","errorMessage":"Invalid or expired OTP","level":"error","message":"Registration OTP verification failed","timestamp":"2025-06-02 17:14:26"}
{"correlationId":"test-correlation-id","level":"error","message":"Invalid or expired OTP","method":"POST","path":"/api/auth/verify-register-otp","stack":"BadRequestError: Invalid or expired OTP\n    at verifyRegisterOTPController (C:\\Users\\vidya\\Documents\\Express---Js-Authentication-a-2-factor-authencation-\\src\\controllers\\auth.controller.js:114:10)\n    at process.processTicksAndRejections (node:internal/process/task_queues:105:5)","timestamp":"2025-06-02 17:14:26"}
{"correlationId":"test-correlation-id","durationMs":2.882,"httpMethod":"POST","level":"warn","message":"Response: POST /api/auth/verify-register-otp - Status: 400 - Duration: 2.882ms","statusCode":400,"timestamp":"2025-06-02 17:14:26","url":"/api/auth/verify-register-otp"}
{"correlationId":"test-correlation-id","httpMethod":"POST","ip":"::1","level":"info","message":"Incoming Request: POST /api/auth/verify-register-otp","timestamp":"2025-06-02 17:14:44","url":"/api/auth/verify-register-otp","userAgent":"PostmanRuntime/7.44.0"}
{"email":"john.doe@example.com","level":"warn","message":"Invalid or expired registration OTP","timestamp":"2025-06-02 17:14:44"}
{"correlationId":"test-correlation-id","errorMessage":"Invalid or expired OTP","level":"error","message":"Registration OTP verification failed","timestamp":"2025-06-02 17:14:44"}
{"correlationId":"test-correlation-id","level":"error","message":"Invalid or expired OTP","method":"POST","path":"/api/auth/verify-register-otp","stack":"BadRequestError: Invalid or expired OTP\n    at verifyRegisterOTPController (C:\\Users\\vidya\\Documents\\Express---Js-Authentication-a-2-factor-authencation-\\src\\controllers\\auth.controller.js:114:10)\n    at process.processTicksAndRejections (node:internal/process/task_queues:105:5)","timestamp":"2025-06-02 17:14:44"}
{"correlationId":"test-correlation-id","durationMs":2.792,"httpMethod":"POST","level":"warn","message":"Response: POST /api/auth/verify-register-otp - Status: 400 - Duration: 2.792ms","statusCode":400,"timestamp":"2025-06-02 17:14:44","url":"/api/auth/verify-register-otp"}
{"correlationId":"test-correlation-id","httpMethod":"POST","ip":"::1","level":"info","message":"Incoming Request: POST /api/auth/verify-register-otp","timestamp":"2025-06-02 17:14:47","url":"/api/auth/verify-register-otp","userAgent":"PostmanRuntime/7.44.0"}
{"email":"john.doe@example.com","level":"warn","message":"Invalid or expired registration OTP","timestamp":"2025-06-02 17:14:47"}
{"correlationId":"test-correlation-id","errorMessage":"Invalid or expired OTP","level":"error","message":"Registration OTP verification failed","timestamp":"2025-06-02 17:14:47"}
{"correlationId":"test-correlation-id","level":"error","message":"Invalid or expired OTP","method":"POST","path":"/api/auth/verify-register-otp","stack":"BadRequestError: Invalid or expired OTP\n    at verifyRegisterOTPController (C:\\Users\\vidya\\Documents\\Express---Js-Authentication-a-2-factor-authencation-\\src\\controllers\\auth.controller.js:114:10)\n    at process.processTicksAndRejections (node:internal/process/task_queues:105:5)","timestamp":"2025-06-02 17:14:47"}
{"correlationId":"test-correlation-id","durationMs":2.927,"httpMethod":"POST","level":"warn","message":"Response: POST /api/auth/verify-register-otp - Status: 400 - Duration: 2.927ms","statusCode":400,"timestamp":"2025-06-02 17:14:47","url":"/api/auth/verify-register-otp"}
{"correlationId":"test-correlation-id","httpMethod":"POST","ip":"::1","level":"info","message":"Incoming Request: POST /api/auth/verify-register-otp","timestamp":"2025-06-02 17:14:56","url":"/api/auth/verify-register-otp","userAgent":"PostmanRuntime/7.44.0"}
{"email":"wrong.email@example.com","level":"warn","message":"Invalid or expired registration OTP","timestamp":"2025-06-02 17:14:56"}
{"correlationId":"test-correlation-id","errorMessage":"Invalid or expired OTP","level":"error","message":"Registration OTP verification failed","timestamp":"2025-06-02 17:14:56"}
{"correlationId":"test-correlation-id","level":"error","message":"Invalid or expired OTP","method":"POST","path":"/api/auth/verify-register-otp","stack":"BadRequestError: Invalid or expired OTP\n    at verifyRegisterOTPController (C:\\Users\\vidya\\Documents\\Express---Js-Authentication-a-2-factor-authencation-\\src\\controllers\\auth.controller.js:114:10)\n    at process.processTicksAndRejections (node:internal/process/task_queues:105:5)","timestamp":"2025-06-02 17:14:56"}
{"correlationId":"test-correlation-id","durationMs":3.357,"httpMethod":"POST","level":"warn","message":"Response: POST /api/auth/verify-register-otp - Status: 400 - Duration: 3.357ms","statusCode":400,"timestamp":"2025-06-02 17:14:56","url":"/api/auth/verify-register-otp"}
{"correlationId":"test-correlation-id","httpMethod":"POST","ip":"::1","level":"info","message":"Incoming Request: POST /api/auth/login","timestamp":"2025-06-02 17:15:34","url":"/api/auth/login","userAgent":"PostmanRuntime/7.44.0"}
{"correlationId":"test-correlation-id","errors":[{"context":{"key":"platform","label":"platform","valids":["WEB","MOBILE"],"value":"web"},"message":"\"platform\" must be one of [WEB, MOBILE]","path":["platform"],"type":"any.only"}],"level":"warn","message":"Validation failed","timestamp":"2025-06-02 17:15:34"}
{"correlationId":"test-correlation-id","level":"error","message":"\"platform\" must be one of [WEB, MOBILE]","method":"POST","path":"/api/auth/login","stack":"ValidationError: \"platform\" must be one of [WEB, MOBILE]","timestamp":"2025-06-02 17:15:34"}
{"correlationId":"test-correlation-id","durationMs":2.879,"httpMethod":"POST","level":"warn","message":"Response: POST /api/auth/login - Status: 400 - Duration: 2.879ms","statusCode":400,"timestamp":"2025-06-02 17:15:34","url":"/api/auth/login"}
{"correlationId":"test-correlation-id","httpMethod":"POST","ip":"::1","level":"info","message":"Incoming Request: POST /api/auth/login","timestamp":"2025-06-02 17:15:48","url":"/api/auth/login","userAgent":"PostmanRuntime/7.44.0"}
{"correlationId":"test-correlation-id","errors":[{"context":{"key":"platform","label":"platform","valids":["WEB","MOBILE"],"value":"web"},"message":"\"platform\" must be one of [WEB, MOBILE]","path":["platform"],"type":"any.only"}],"level":"warn","message":"Validation failed","timestamp":"2025-06-02 17:15:48"}
{"correlationId":"test-correlation-id","level":"error","message":"\"platform\" must be one of [WEB, MOBILE]","method":"POST","path":"/api/auth/login","stack":"ValidationError: \"platform\" must be one of [WEB, MOBILE]","timestamp":"2025-06-02 17:15:48"}
{"correlationId":"test-correlation-id","durationMs":2.278,"httpMethod":"POST","level":"warn","message":"Response: POST /api/auth/login - Status: 400 - Duration: 2.278ms","statusCode":400,"timestamp":"2025-06-02 17:15:48","url":"/api/auth/login"}
{"correlationId":"test-correlation-id","httpMethod":"POST","ip":"::1","level":"info","message":"Incoming Request: POST /api/auth/login","timestamp":"2025-06-02 17:15:58","url":"/api/auth/login","userAgent":"PostmanRuntime/7.44.0"}
{"email":"john.doe@example.com","level":"warn","message":"Invalid login credentials","timestamp":"2025-06-02 17:16:00"}
{"correlationId":"test-correlation-id","errorMessage":"Invalid credentials","level":"error","message":"Login failed","timestamp":"2025-06-02 17:16:00"}
{"correlationId":"test-correlation-id","level":"error","message":"Invalid credentials","method":"POST","path":"/api/auth/login","stack":"UnauthorizedError: Invalid credentials\n    at loginController (C:\\Users\\vidya\\Documents\\Express---Js-Authentication-a-2-factor-authencation-\\src\\controllers\\auth.controller.js:67:10)","timestamp":"2025-06-02 17:16:00"}
{"correlationId":"test-correlation-id","durationMs":1513.539,"httpMethod":"POST","level":"warn","message":"Response: POST /api/auth/login - Status: 401 - Duration: 1513.539ms","statusCode":401,"timestamp":"2025-06-02 17:16:00","url":"/api/auth/login"}
{"correlationId":"test-correlation-id","httpMethod":"POST","ip":"::1","level":"info","message":"Incoming Request: POST /api/auth/register","timestamp":"2025-06-02 17:16:17","url":"/api/auth/register","userAgent":"PostmanRuntime/7.44.0"}
{"email":"john.doe@example.com","level":"warn","message":"Attempt to register with existing email","timestamp":"2025-06-02 17:16:17"}
{"correlationId":"test-correlation-id","errorMessage":"User already exists","level":"error","message":"Registration failed","timestamp":"2025-06-02 17:16:17"}
{"correlationId":"test-correlation-id","level":"error","message":"Email already registered","method":"POST","path":"/api/auth/register","stack":"ConflictError: Email already registered\n    at registerController (C:\\Users\\vidya\\Documents\\Express---Js-Authentication-a-2-factor-authencation-\\src\\controllers\\auth.controller.js:49:12)","timestamp":"2025-06-02 17:16:17"}
{"correlationId":"test-correlation-id","durationMs":301.58,"httpMethod":"POST","level":"warn","message":"Response: POST /api/auth/register - Status: 409 - Duration: 301.580ms","statusCode":409,"timestamp":"2025-06-02 17:16:17","url":"/api/auth/register"}
{"correlationId":"test-correlation-id","httpMethod":"POST","ip":"::1","level":"info","message":"Incoming Request: POST /api/auth/forgot-password","timestamp":"2025-06-02 17:16:39","url":"/api/auth/forgot-password","userAgent":"PostmanRuntime/7.44.0"}
{"email":"john.doe@example.com","level":"info","message":"Password reset token sent","timestamp":"2025-06-02 17:16:40"}
{"correlationId":"test-correlation-id","email":"john.doe@example.com","level":"info","message":"Password reset OTP sent","timestamp":"2025-06-02 17:16:40"}
{"correlationId":"test-correlation-id","durationMs":648.039,"httpMethod":"POST","level":"info","message":"Response: POST /api/auth/forgot-password - Status: 200 - Duration: 648.039ms","statusCode":200,"timestamp":"2025-06-02 17:16:40","url":"/api/auth/forgot-password"}
{"correlationId":"test-correlation-id","httpMethod":"POST","ip":"::1","level":"info","message":"Incoming Request: POST /api/auth/reset-password","timestamp":"2025-06-02 17:17:26","url":"/api/auth/reset-password","userAgent":"PostmanRuntime/7.44.0"}
{"level":"info","message":"Password reset successfully","timestamp":"2025-06-02 17:17:27","userId":1}
{"correlationId":"test-correlation-id","level":"info","message":"Password reset successfully","timestamp":"2025-06-02 17:17:27"}
{"correlationId":"test-correlation-id","durationMs":837.783,"httpMethod":"POST","level":"info","message":"Response: POST /api/auth/reset-password - Status: 200 - Duration: 837.783ms","statusCode":200,"timestamp":"2025-06-02 17:17:27","url":"/api/auth/reset-password"}
